CRITICAL - 2021-08-08 10:13:07 --> File not found: C:\xampp\tmp\phpB48A.tmp
#0 C:\xampp\htdocs\pdm\system\Files\File.php(51): CodeIgniter\Files\Exceptions\FileNotFoundException::forFileNotFound('C:\\xampp\\tmp\\ph...')
#1 C:\xampp\htdocs\pdm\system\Images\Handlers\BaseHandler.php(154): CodeIgniter\Files\File->__construct('C:\\xampp\\tmp\\ph...', true)
#2 C:\xampp\htdocs\pdm\app\Controllers\Backend\Konten\Berita.php(82): CodeIgniter\Images\Handlers\BaseHandler->withFile('C:\\xampp\\tmp\\ph...')
#3 C:\xampp\htdocs\pdm\system\CodeIgniter.php(936): App\Controllers\Backend\Konten\Berita->insert()
#4 C:\xampp\htdocs\pdm\system\CodeIgniter.php(432): CodeIgniter\CodeIgniter->runController(Object(App\Controllers\Backend\Konten\Berita))
#5 C:\xampp\htdocs\pdm\system\CodeIgniter.php(333): CodeIgniter\CodeIgniter->handleRequest(NULL, Object(Config\Cache), false)
#6 C:\xampp\htdocs\pdm\index.php(45): CodeIgniter\CodeIgniter->run()
#7 {main}
CRITICAL - 2021-08-08 10:13:48 --> File not found: C:\xampp\tmp\php5417.tmp
#0 C:\xampp\htdocs\pdm\system\Files\File.php(51): CodeIgniter\Files\Exceptions\FileNotFoundException::forFileNotFound('C:\\xampp\\tmp\\ph...')
#1 C:\xampp\htdocs\pdm\system\Images\Handlers\BaseHandler.php(154): CodeIgniter\Files\File->__construct('C:\\xampp\\tmp\\ph...', true)
#2 C:\xampp\htdocs\pdm\app\Controllers\Backend\Konten\Berita.php(82): CodeIgniter\Images\Handlers\BaseHandler->withFile('C:\\xampp\\tmp\\ph...')
#3 C:\xampp\htdocs\pdm\system\CodeIgniter.php(936): App\Controllers\Backend\Konten\Berita->insert()
#4 C:\xampp\htdocs\pdm\system\CodeIgniter.php(432): CodeIgniter\CodeIgniter->runController(Object(App\Controllers\Backend\Konten\Berita))
#5 C:\xampp\htdocs\pdm\system\CodeIgniter.php(333): CodeIgniter\CodeIgniter->handleRequest(NULL, Object(Config\Cache), false)
#6 C:\xampp\htdocs\pdm\index.php(45): CodeIgniter\CodeIgniter->run()
#7 {main}
CRITICAL - 2021-08-08 10:14:36 --> finfo_file(C:\xampp\tmp\phpD94.tmp): failed to open stream: No such file or directory
#0 [internal function]: CodeIgniter\Debug\Exceptions->errorHandler(2, 'finfo_file(C:\\x...', 'C:\\xampp\\htdocs...', 125, Array)
#1 C:\xampp\htdocs\pdm\system\Files\File.php(125): finfo_file(Resource id #139, 'C:\\xampp\\tmp\\ph...')
#2 C:\xampp\htdocs\pdm\system\HTTP\Files\UploadedFile.php(333): CodeIgniter\Files\File->getMimeType()
#3 C:\xampp\htdocs\pdm\system\HTTP\Files\UploadedFile.php(320): CodeIgniter\HTTP\Files\UploadedFile->guessExtension()
#4 C:\xampp\htdocs\pdm\system\Files\File.php(140): CodeIgniter\HTTP\Files\UploadedFile->getExtension()
#5 C:\xampp\htdocs\pdm\system\HTTP\Files\UploadedFile.php(376): CodeIgniter\Files\File->getRandomName()
#6 C:\xampp\htdocs\pdm\app\Controllers\Backend\Konten\Berita.php(78): CodeIgniter\HTTP\Files\UploadedFile->store('gambar/')
#7 C:\xampp\htdocs\pdm\system\CodeIgniter.php(936): App\Controllers\Backend\Konten\Berita->insert()
#8 C:\xampp\htdocs\pdm\system\CodeIgniter.php(432): CodeIgniter\CodeIgniter->runController(Object(App\Controllers\Backend\Konten\Berita))
#9 C:\xampp\htdocs\pdm\system\CodeIgniter.php(333): CodeIgniter\CodeIgniter->handleRequest(NULL, Object(Config\Cache), false)
#10 C:\xampp\htdocs\pdm\index.php(45): CodeIgniter\CodeIgniter->run()
#11 {main}
